#
# There is insufficient memory for the Java Runtime Environment to continue.
# Native memory allocation (malloc) failed to allocate 480104 bytes for AllocateHeap
# Possible reasons:
#   The system is out of physical RAM or swap space
#   In 32 bit mode, the process size limit was hit
# Possible solutions:
#   Reduce memory load on the system
#   Increase physical memory or swap space
#   Check if swap backing store is full
#   Use 64 bit Java on a 64 bit OS
#   Decrease Java heap size (-Xmx/-Xms)
#   Decrease number of Java threads
#   Decrease Java thread stack sizes (-Xss)
#   Set larger code cache with -XX:ReservedCodeCacheSize=
# This output file may be truncated or incomplete.
#
#  Out of Memory Error (memory/allocation.inline.hpp:61), pid=13236, tid=12784
#
# JRE version:  (8.0_45-b15) (build )
# Java VM: Java HotSpot(TM) 64-Bit Server VM (25.45-b02 mixed mode windows-amd64 compressed oops)
# Failed to write core dump. Minidumps are not enabled by default on client versions of Windows
#

---------------  T H R E A D  ---------------

Current thread (0x0000000001d6d800):  JavaThread "Unknown thread" [_thread_in_vm, id=12784, stack(0x0000000001c10000,0x0000000001d10000)]

Stack: [0x0000000001c10000,0x0000000001d10000]
Native frames: (J=compiled Java code, j=interpreted, Vv=VM code, C=native code)
V  [jvm.dll+0x32b57a]
V  [jvm.dll+0x279873]
V  [jvm.dll+0x27a509]
V  [jvm.dll+0x271825]
V  [jvm.dll+0x65676]
V  [jvm.dll+0xf1cbe]
V  [jvm.dll+0x20f057]
V  [jvm.dll+0x240e0a]
V  [jvm.dll+0x15ba41]
C  [java.exe+0x216e]
C  [java.exe+0xcce7]
C  [java.exe+0xcd7b]
C  [KERNEL32.DLL+0x13d2]
C  [ntdll.dll+0x15444]


---------------  P R O C E S S  ---------------

Java Threads: ( => current thread )

Other Threads:

=>0x0000000001d6d800 (exited) JavaThread "Unknown thread" [_thread_in_vm, id=12784, stack(0x0000000001c10000,0x0000000001d10000)]

VM state:not at safepoint (not fully initialized)

VM Mutex/Monitor currently owned by a thread: None

GC Heap History (0 events):
No events

Deoptimization events (0 events):
No events

Internal exceptions (0 events):
No events

Events (0 events):
No events


Dynamic libraries:
0x00007ff6025b0000 - 0x00007ff6025e7000 	C:\Program Files\Java\jdk1.8.0_45\bin\java.exe
0x00007ffa36750000 - 0x00007ffa368fc000 	C:\Windows\SYSTEM32\ntdll.dll
0x00007ffa34bd0000 - 0x00007ffa34d0e000 	C:\Windows\system32\KERNEL32.DLL
0x00007ffa33c70000 - 0x00007ffa33d85000 	C:\Windows\system32\KERNELBASE.dll
0x00007ffa32450000 - 0x00007ffa324de000 	C:\Windows\system32\apphelp.dll
0x00007ffa2efb0000 - 0x00007ffa2f003000 	C:\Windows\AppPatch\AppPatch64\AcGenral.DLL
0x00007ffa342e0000 - 0x00007ffa3438a000 	C:\Windows\system32\msvcrt.dll
0x00007ffa33680000 - 0x00007ffa336ae000 	C:\Windows\SYSTEM32\SspiCli.dll
0x00007ffa34690000 - 0x00007ffa346e4000 	C:\Windows\system32\SHLWAPI.dll
0x00007ffa36430000 - 0x00007ffa365a7000 	C:\Windows\system32\USER32.dll
0x00007ffa34700000 - 0x00007ffa34894000 	C:\Windows\system32\ole32.dll
0x00007ffa34e60000 - 0x00007ffa36379000 	C:\Windows\system32\SHELL32.dll
0x00007ffa32e50000 - 0x00007ffa32e71000 	C:\Windows\SYSTEM32\USERENV.dll
0x00007ffa366a0000 - 0x00007ffa3674a000 	C:\Windows\system32\ADVAPI32.dll
0x00007ffa2f070000 - 0x00007ffa2f08e000 	C:\Windows\SYSTEM32\MPR.dll
0x00007ffa34d10000 - 0x00007ffa34e51000 	C:\Windows\system32\RPCRT4.dll
0x00007ffa33e40000 - 0x00007ffa33e99000 	C:\Windows\SYSTEM32\sechost.dll
0x00007ffa34470000 - 0x00007ffa34681000 	C:\Windows\SYSTEM32\combase.dll
0x00007ffa348a0000 - 0x00007ffa349f0000 	C:\Windows\system32\GDI32.dll
0x00007ffa338b0000 - 0x00007ffa338c5000 	C:\Windows\SYSTEM32\profapi.dll
0x00007ffa31e20000 - 0x00007ffa31ed2000 	C:\Windows\SYSTEM32\SHCORE.dll
0x00007ffa363f0000 - 0x00007ffa36426000 	C:\Windows\system32\IMM32.DLL
0x00007ffa33ea0000 - 0x00007ffa33ff2000 	C:\Windows\system32\MSCTF.dll
0x00007ffa31980000 - 0x00007ffa31bfa000 	C:\Windows\WinSxS\amd64_microsoft.windows.common-controls_6595b64144ccf1df_6.0.9600.17810_none_6240b9c7ecbd0bda\COMCTL32.dll
0x0000000075190000 - 0x0000000075262000 	C:\Program Files\Java\jdk1.8.0_45\jre\bin\msvcr100.dll
0x0000000074740000 - 0x0000000074fc3000 	C:\Program Files\Java\jdk1.8.0_45\jre\bin\server\jvm.dll
0x00007ffa22180000 - 0x00007ffa22189000 	C:\Windows\SYSTEM32\WSOCK32.dll
0x00007ffa30650000 - 0x00007ffa30672000 	C:\Windows\SYSTEM32\WINMM.dll
0x00007ffa2f060000 - 0x00007ffa2f06a000 	C:\Windows\SYSTEM32\VERSION.dll
0x00007ffa34000000 - 0x00007ffa34007000 	C:\Windows\system32\PSAPI.DLL
0x00007ffa34280000 - 0x00007ffa342da000 	C:\Windows\system32\WS2_32.dll
0x00007ffa30a30000 - 0x00007ffa30a5a000 	C:\Windows\SYSTEM32\WINMMBASE.dll
0x00007ffa365c0000 - 0x00007ffa365c9000 	C:\Windows\system32\NSI.dll
0x00007ffa33d90000 - 0x00007ffa33ddf000 	C:\Windows\SYSTEM32\cfgmgr32.dll
0x00007ffa326b0000 - 0x00007ffa326d8000 	C:\Windows\SYSTEM32\DEVOBJ.dll
0x0000000076a80000 - 0x0000000076a8f000 	C:\Program Files\Java\jdk1.8.0_45\jre\bin\verify.dll
0x0000000076670000 - 0x0000000076699000 	C:\Program Files\Java\jdk1.8.0_45\jre\bin\java.dll
0x0000000076650000 - 0x0000000076666000 	C:\Program Files\Java\jdk1.8.0_45\jre\bin\zip.dll
0x00007ffa21820000 - 0x00007ffa219a9000 	C:\Windows\SYSTEM32\dbghelp.dll

VM Arguments:
jvm_args: -Djava.awt.headless=true -Xmx1024M -Dfile.encoding=windows-1252 -Duser.country=IN -Duser.language=en -Duser.variant 
java_command: com.android.dx.command.Main --dex --num-threads=4 --output D:\Programming\TabbedView\app\build\intermediates\pre-dexed\debug\debug_5b345c513a541f53dff383867c8183366dd1b5ed.jar D:\Programming\TabbedView\app\build\intermediates\classes\debug
java_class_path (initial): D:\Programming\Android\sdk\build-tools\23.0.1\lib\dx.jar
Launcher Type: SUN_STANDARD

Environment Variables:
JAVA_HOME=C:\Program Files\Java\jdk1.8.0_45
PATH=D:\oraclexe\app\oracle\product\11.2.0\server\bin;C:\Program Files (x86)\NVIDIA Corporation\PhysX\Common;C:\Program Files (x86)\Intel\iCLS Client\;C:\Program Files\Intel\iCLS Client\;C:\Windows\system32;C:\Windows;C:\Windows\System32\Wbem;C:\Windows\System32\WindowsPowerShell\v1.0\;C:\Program Files\Lenovo\Bluetooth Software\;C:\Program Files\Lenovo\Bluetooth Software\syswow64;C:\Program Files\Intel\Intel(R) Management Engine Components\DAL;C:\Program Files\Intel\Intel(R) Management Engine Components\IPT;C:\Program Files (x86)\Intel\Intel(R) Management Engine Components\DAL;C:\Program Files (x86)\Intel\Intel(R) Management Engine Components\IPT;D:\Programming\ADT\sdk\build-tools\;D:\Programming\ADT\sdk\tools;D:\Programming\ADT\sdk\platform-tools;C:\Python27;C:\Program Files\Microsoft Network Monitor 3\;C:\Program Files (x86)\GTK2-Runtime\lib;C:\Program Files\Calibre2\;C:\Program Files (x86)\Git\cmd;C:\Program Files\Java\jdk1.8.0_45\bin;C:\Program Files\MiKTeX 2.9\miktex\bin\x64\;C:\Program Files (x86)\Skype\Phone\;C:\Python27\Scripts;C:\Go\bin;C:\Program Files\Sublime Text 3 (3065);C:\Program Files (x86)\Heroku\bin;C:\Program Files (x86)\git\cmd;C:\Bitnami\rubystack-2.0.0-34\ruby\bin;C:\Program Files (x86)\MySQL\MySQL Fabric 1.5 & MySQL Utilities 1.5\;C:\Program Files (x86)\MySQL\MySQL Fabric 1.5 & MySQL Utilities 1.5\Doctrine extensions for PHP\;
USERNAME=Jit
OS=Windows_NT
PROCESSOR_IDENTIFIER=Intel64 Family 6 Model 60 Stepping 3, GenuineIntel



---------------  S Y S T E M  ---------------

OS: Windows 8.1 , 64 bit Build 9600 (6.3.9600.17415)

CPU:total 8 (4 cores per cpu, 2 threads per core) family 6 model 60 stepping 3, cmov, cx8, fxsr, mmx, sse, sse2, sse3, ssse3, sse4.1, sse4.2, popcnt, avx, avx2, aes, clmul, erms, lzcnt, ht, tsc, tscinvbit, bmi1, bmi2

Memory: 4k page, physical 8298776k(1788820k free), swap 9869344k(133084k free)

vm_info: Java HotSpot(TM) 64-Bit Server VM (25.45-b02) for windows-amd64 JRE (1.8.0_45-b15), built on Apr 30 2015 12:40:44 by "java_re" with MS VC++ 10.0 (VS2010)

time: Tue Mar 29 18:30:09 2016
elapsed time: 0 seconds (0d 0h 0m 0s)

